User belongs to experiment group 'AlwaysDisplayTestExplorer - control'
User belongs to experiment group 'ShowExtensionSurveyPrompt - control'
> conda --version
> pyenv root
> python3.7 -c "import sys;print(sys.executable)"
> python3.6 -c "import sys;print(sys.executable)"
> python3 -c "import sys;print(sys.executable)"
> python2 -c "import sys;print(sys.executable)"
> python -c "import sys;print(sys.executable)"
> py -3.7 -c "import sys;print(sys.executable)"
> py -3.6 -c "import sys;print(sys.executable)"
> py -3 -c "import sys;print(sys.executable)"
> py -2 -c "import sys;print(sys.executable)"
> python -c "import sys;print(sys.executable)"
> ~\AppData\Local\Microsoft\WindowsApps\python3.exe "d:\Program Files\VSCode-win32-x64-1.38.1\data\extensions\ms-python.python-2019.9.34911\pythonFiles\interpreterInfo.py"
> ~\AppData\Local\Microsoft\WindowsApps\python3.exe "d:\Program Files\VSCode-win32-x64-1.38.1\data\extensions\ms-python.python-2019.9.34911\pythonFiles\interpreterInfo.py"
> ~\AppData\Local\Microsoft\WindowsApps\python.exe "d:\Program Files\VSCode-win32-x64-1.38.1\data\extensions\ms-python.python-2019.9.34911\pythonFiles\interpreterInfo.py"
> ~\AppData\Local\Microsoft\WindowsApps\python.exe "d:\Program Files\VSCode-win32-x64-1.38.1\data\extensions\ms-python.python-2019.9.34911\pythonFiles\interpreterInfo.py"
> C:\Python27\python.exe "d:\Program Files\VSCode-win32-x64-1.38.1\data\extensions\ms-python.python-2019.9.34911\pythonFiles\interpreterInfo.py"
> C:\Python27\python.exe "d:\Program Files\VSCode-win32-x64-1.38.1\data\extensions\ms-python.python-2019.9.34911\pythonFiles\interpreterInfo.py"
Starting Jedi Python language engine.
> C:\ProgramData\Anaconda2\python.exe -c "import sys;print(sys.prefix)"
cwd: e:\code\git\weibonlp
> C:\ProgramData\Anaconda2\python.exe -c "import sys;print(sys.prefix)"
cwd: e:\code\git\weibonlp
> C:\ProgramData\Anaconda2\python.exe -c "import sys;print(sys.executable)"
cwd: e:\code\git\weibonlp
> C:\ProgramData\Anaconda2\python.exe -c "import sys;print(sys.executable)"
cwd: e:\code\git\weibonlp
> C:\ProgramData\Anaconda2\python.exe -c "from distutils.sysconfig import get_python_lib; print(get_python_lib())"
cwd: e:\code\git\weibonlp
> C:\ProgramData\Anaconda2\python.exe -c "from distutils.sysconfig import get_python_lib; print(get_python_lib())"
cwd: e:\code\git\weibonlp
> C:\ProgramData\Anaconda2\python.exe -m site --user-site
cwd: e:\code\git\weibonlp
> C:\ProgramData\Anaconda2\python.exe -m site --user-site
cwd: e:\code\git\weibonlp
> C:\ProgramData\Anaconda2\python.exe -m pylint --disable=all --enable=F,unreachable,duplicate-key,unnecessary-semicolon,global-variable-not-assigned,unused-variable,unused-wildcard-import,binary-op-exception,bad-format-string,anomalous-backslash-in-string,bad-open-mode,E0001,E0011,E0012,E0100,E0101,E0102,E0103,E0104,E0105,E0107,E0108,E0110,E0111,E0112,E0113,E0114,E0115,E0116,E0117,E0118,E0202,E0203,E0211,E0213,E0236,E0237,E0238,E0239,E0240,E0241,E0301,E0302,E0303,E0401,E0402,E0601,E0602,E0603,E0604,E0611,E0632,E0633,E0701,E0702,E0703,E0704,E0710,E0711,E0712,E1003,E1101,E1102,E1111,E1120,E1121,E1123,E1124,E1125,E1126,E1127,E1128,E1129,E1130,E1131,E1132,E1133,E1134,E1135,E1136,E1137,E1138,E1139,E1200,E1201,E1205,E1206,E1300,E1301,E1302,E1303,E1304,E1305,E1306,E1310,E1700,E1701 --msg-template='{line},{column},{category},{symbol}:{msg}' --reports=n --output-format=text e:\code\git\weibonlp\weiboAPI.py
cwd: e:\code\git\weibonlp
> C:\ProgramData\Anaconda2\python.exe -m pylint --disable=all --enable=F,unreachable,duplicate-key,unnecessary-semicolon,global-variable-not-assigned,unused-variable,unused-wildcard-import,binary-op-exception,bad-format-string,anomalous-backslash-in-string,bad-open-mode,E0001,E0011,E0012,E0100,E0101,E0102,E0103,E0104,E0105,E0107,E0108,E0110,E0111,E0112,E0113,E0114,E0115,E0116,E0117,E0118,E0202,E0203,E0211,E0213,E0236,E0237,E0238,E0239,E0240,E0241,E0301,E0302,E0303,E0401,E0402,E0601,E0602,E0603,E0604,E0611,E0632,E0633,E0701,E0702,E0703,E0704,E0710,E0711,E0712,E1003,E1101,E1102,E1111,E1120,E1121,E1123,E1124,E1125,E1126,E1127,E1128,E1129,E1130,E1131,E1132,E1133,E1134,E1135,E1136,E1137,E1138,E1139,E1200,E1201,E1205,E1206,E1300,E1301,E1302,E1303,E1304,E1305,E1306,E1310,E1700,E1701 --msg-template='{line},{column},{category},{symbol}:{msg}' --reports=n --output-format=text e:\code\git\weibonlp\weiboAPI.py
cwd: e:\code\git\weibonlp
> C:\ProgramData\Anaconda2\python.exe completion.py
cwd: d:\Program Files\VSCode-win32-x64-1.38.1\data\extensions\ms-python.python-2019.9.34911\pythonFiles
> C:\ProgramData\Anaconda2\python.exe completion.py
cwd: d:\Program Files\VSCode-win32-x64-1.38.1\data\extensions\ms-python.python-2019.9.34911\pythonFiles
> C:\ProgramData\Anaconda2\Scripts\conda.exe info --json
> C:\ProgramData\Anaconda2\Scripts\conda.exe info --json
##########Linting Output - pylint##########
************* Module weiboAPI
2,0,error,import-error:Unable to import 'weibo'
4,0,error,import-error:Unable to import 'pymysql'
8,0,error,no-member:Module 'sys' has no 'setdefaultencoding' member; maybe 'getdefaultencoding'?

-----------------------------------
Your code has been rated at 7.22/10

> C:\ProgramData\Anaconda2\Scripts\conda.exe env list
> C:\ProgramData\Anaconda2\python.exe -m pylint --disable=all --enable=F,unreachable,duplicate-key,unnecessary-semicolon,global-variable-not-assigned,unused-variable,unused-wildcard-import,binary-op-exception,bad-format-string,anomalous-backslash-in-string,bad-open-mode,E0001,E0011,E0012,E0100,E0101,E0102,E0103,E0104,E0105,E0107,E0108,E0110,E0111,E0112,E0113,E0114,E0115,E0116,E0117,E0118,E0202,E0203,E0211,E0213,E0236,E0237,E0238,E0239,E0240,E0241,E0301,E0302,E0303,E0401,E0402,E0601,E0602,E0603,E0604,E0611,E0632,E0633,E0701,E0702,E0703,E0704,E0710,E0711,E0712,E1003,E1101,E1102,E1111,E1120,E1121,E1123,E1124,E1125,E1126,E1127,E1128,E1129,E1130,E1131,E1132,E1133,E1134,E1135,E1136,E1137,E1138,E1139,E1200,E1201,E1205,E1206,E1300,E1301,E1302,E1303,E1304,E1305,E1306,E1310,E1700,E1701 --msg-template='{line},{column},{category},{symbol}:{msg}' --reports=n --output-format=text e:\code\git\weibonlp\weiboAPI.py
cwd: e:\code\git\weibonlp
> C:\ProgramData\Anaconda2\python.exe -m pylint --disable=all --enable=F,unreachable,duplicate-key,unnecessary-semicolon,global-variable-not-assigned,unused-variable,unused-wildcard-import,binary-op-exception,bad-format-string,anomalous-backslash-in-string,bad-open-mode,E0001,E0011,E0012,E0100,E0101,E0102,E0103,E0104,E0105,E0107,E0108,E0110,E0111,E0112,E0113,E0114,E0115,E0116,E0117,E0118,E0202,E0203,E0211,E0213,E0236,E0237,E0238,E0239,E0240,E0241,E0301,E0302,E0303,E0401,E0402,E0601,E0602,E0603,E0604,E0611,E0632,E0633,E0701,E0702,E0703,E0704,E0710,E0711,E0712,E1003,E1101,E1102,E1111,E1120,E1121,E1123,E1124,E1125,E1126,E1127,E1128,E1129,E1130,E1131,E1132,E1133,E1134,E1135,E1136,E1137,E1138,E1139,E1200,E1201,E1205,E1206,E1300,E1301,E1302,E1303,E1304,E1305,E1306,E1310,E1700,E1701 --msg-template='{line},{column},{category},{symbol}:{msg}' --reports=n --output-format=text e:\code\git\weibonlp\weiboAPI.py
cwd: e:\code\git\weibonlp
##########Linting Output - pylint##########
************* Module weiboAPI
2,0,error,import-error:Unable to import 'weibo'
4,0,error,import-error:Unable to import 'pymysql'
8,0,error,no-member:Module 'sys' has no 'setdefaultencoding' member; maybe 'getdefaultencoding'?

------------------------------------------------------------------
Your code has been rated at 7.22/10 (previous run: 7.22/10, +0.00)

> C:\ProgramData\Anaconda2\python.exe -m pylint --disable=all --enable=F,unreachable,duplicate-key,unnecessary-semicolon,global-variable-not-assigned,unused-variable,unused-wildcard-import,binary-op-exception,bad-format-string,anomalous-backslash-in-string,bad-open-mode,E0001,E0011,E0012,E0100,E0101,E0102,E0103,E0104,E0105,E0107,E0108,E0110,E0111,E0112,E0113,E0114,E0115,E0116,E0117,E0118,E0202,E0203,E0211,E0213,E0236,E0237,E0238,E0239,E0240,E0241,E0301,E0302,E0303,E0401,E0402,E0601,E0602,E0603,E0604,E0611,E0632,E0633,E0701,E0702,E0703,E0704,E0710,E0711,E0712,E1003,E1101,E1102,E1111,E1120,E1121,E1123,E1124,E1125,E1126,E1127,E1128,E1129,E1130,E1131,E1132,E1133,E1134,E1135,E1136,E1137,E1138,E1139,E1200,E1201,E1205,E1206,E1300,E1301,E1302,E1303,E1304,E1305,E1306,E1310,E1700,E1701 --msg-template='{line},{column},{category},{symbol}:{msg}' --reports=n --output-format=text e:\code\git\weibonlp\weiboAPI.py
cwd: e:\code\git\weibonlp
> C:\ProgramData\Anaconda2\python.exe -m pylint --disable=all --enable=F,unreachable,duplicate-key,unnecessary-semicolon,global-variable-not-assigned,unused-variable,unused-wildcard-import,binary-op-exception,bad-format-string,anomalous-backslash-in-string,bad-open-mode,E0001,E0011,E0012,E0100,E0101,E0102,E0103,E0104,E0105,E0107,E0108,E0110,E0111,E0112,E0113,E0114,E0115,E0116,E0117,E0118,E0202,E0203,E0211,E0213,E0236,E0237,E0238,E0239,E0240,E0241,E0301,E0302,E0303,E0401,E0402,E0601,E0602,E0603,E0604,E0611,E0632,E0633,E0701,E0702,E0703,E0704,E0710,E0711,E0712,E1003,E1101,E1102,E1111,E1120,E1121,E1123,E1124,E1125,E1126,E1127,E1128,E1129,E1130,E1131,E1132,E1133,E1134,E1135,E1136,E1137,E1138,E1139,E1200,E1201,E1205,E1206,E1300,E1301,E1302,E1303,E1304,E1305,E1306,E1310,E1700,E1701 --msg-template='{line},{column},{category},{symbol}:{msg}' --reports=n --output-format=text e:\code\git\weibonlp\weiboAPI.py
cwd: e:\code\git\weibonlp
##########Linting Output - pylint##########
************* Module weiboAPI
2,0,error,import-error:Unable to import 'weibo'
4,0,error,import-error:Unable to import 'pymysql'
9,0,error,no-member:Module 'sys' has no 'setdefaultencoding' member; maybe 'getdefaultencoding'?

------------------------------------------------------------------
Your code has been rated at 7.22/10 (previous run: 7.22/10, +0.00)

> C:\ProgramData\Anaconda2\python.exe -m pylint --disable=all --enable=F,unreachable,duplicate-key,unnecessary-semicolon,global-variable-not-assigned,unused-variable,unused-wildcard-import,binary-op-exception,bad-format-string,anomalous-backslash-in-string,bad-open-mode,E0001,E0011,E0012,E0100,E0101,E0102,E0103,E0104,E0105,E0107,E0108,E0110,E0111,E0112,E0113,E0114,E0115,E0116,E0117,E0118,E0202,E0203,E0211,E0213,E0236,E0237,E0238,E0239,E0240,E0241,E0301,E0302,E0303,E0401,E0402,E0601,E0602,E0603,E0604,E0611,E0632,E0633,E0701,E0702,E0703,E0704,E0710,E0711,E0712,E1003,E1101,E1102,E1111,E1120,E1121,E1123,E1124,E1125,E1126,E1127,E1128,E1129,E1130,E1131,E1132,E1133,E1134,E1135,E1136,E1137,E1138,E1139,E1200,E1201,E1205,E1206,E1300,E1301,E1302,E1303,E1304,E1305,E1306,E1310,E1700,E1701 --msg-template='{line},{column},{category},{symbol}:{msg}' --reports=n --output-format=text e:\code\git\weibonlp\weiboAPI.py
cwd: e:\code\git\weibonlp
> C:\ProgramData\Anaconda2\python.exe -m pylint --disable=all --enable=F,unreachable,duplicate-key,unnecessary-semicolon,global-variable-not-assigned,unused-variable,unused-wildcard-import,binary-op-exception,bad-format-string,anomalous-backslash-in-string,bad-open-mode,E0001,E0011,E0012,E0100,E0101,E0102,E0103,E0104,E0105,E0107,E0108,E0110,E0111,E0112,E0113,E0114,E0115,E0116,E0117,E0118,E0202,E0203,E0211,E0213,E0236,E0237,E0238,E0239,E0240,E0241,E0301,E0302,E0303,E0401,E0402,E0601,E0602,E0603,E0604,E0611,E0632,E0633,E0701,E0702,E0703,E0704,E0710,E0711,E0712,E1003,E1101,E1102,E1111,E1120,E1121,E1123,E1124,E1125,E1126,E1127,E1128,E1129,E1130,E1131,E1132,E1133,E1134,E1135,E1136,E1137,E1138,E1139,E1200,E1201,E1205,E1206,E1300,E1301,E1302,E1303,E1304,E1305,E1306,E1310,E1700,E1701 --msg-template='{line},{column},{category},{symbol}:{msg}' --reports=n --output-format=text e:\code\git\weibonlp\weiboAPI.py
cwd: e:\code\git\weibonlp
##########Linting Output - pylint##########
************* Module weiboAPI
2,0,error,import-error:Unable to import 'weibo'
4,0,error,import-error:Unable to import 'pymysql'
9,0,error,no-member:Module 'sys' has no 'setdefaultencoding' member; maybe 'getdefaultencoding'?

------------------------------------------------------------------
Your code has been rated at 7.22/10 (previous run: 7.22/10, +0.00)

