[2019-09-20 08:52:38.845] [exthost] [info] extension host started
[2019-09-20 08:52:38.862] [exthost] [info] ExtensionService#_doActivateExtension vscode.debug-auto-launch {"startup":true,"activationEvent":"*"}
[2019-09-20 08:52:38.862] [exthost] [info] ExtensionService#loadCommonJSModule file:///d:/Program Files/VSCode-win32-x64-1.38.1/resources/app/extensions/debug-auto-launch/dist/extension
[2019-09-20 08:52:38.899] [exthost] [info] ExtensionService#_doActivateExtension vscode.emmet {"startup":true,"activationEvent":"*"}
[2019-09-20 08:52:38.899] [exthost] [info] ExtensionService#loadCommonJSModule file:///d:/Program Files/VSCode-win32-x64-1.38.1/resources/app/extensions/emmet/dist/extension
[2019-09-20 08:52:39.024] [exthost] [info] ExtensionService#_doActivateExtension vscode.git {"startup":true,"activationEvent":"*"}
[2019-09-20 08:52:39.024] [exthost] [info] ExtensionService#loadCommonJSModule file:///d:/Program Files/VSCode-win32-x64-1.38.1/resources/app/extensions/git/dist/main
[2019-09-20 08:52:39.127] [exthost] [info] ExtensionService#_doActivateExtension vscode.merge-conflict {"startup":true,"activationEvent":"*"}
[2019-09-20 08:52:39.127] [exthost] [info] ExtensionService#loadCommonJSModule file:///d:/Program Files/VSCode-win32-x64-1.38.1/resources/app/extensions/merge-conflict/dist/extension
[2019-09-20 08:52:39.166] [exthost] [info] ExtensionService#_doActivateExtension mkxml.vscode-filesize {"startup":true,"activationEvent":"*"}
[2019-09-20 08:52:39.166] [exthost] [info] ExtensionService#loadCommonJSModule file:///d:/Program Files/VSCode-win32-x64-1.38.1/data/extensions/mkxml.vscode-filesize-2.1.3/extension
[2019-09-20 08:52:39.451] [exthost] [info] ExtensionService#_doActivateExtension vscode-icons-team.vscode-icons {"startup":true,"activationEvent":"*"}
[2019-09-20 08:52:39.451] [exthost] [info] ExtensionService#loadCommonJSModule file:///d:/Program Files/VSCode-win32-x64-1.38.1/data/extensions/vscode-icons-team.vscode-icons-9.3.0/dist/src/vscode-icons.bundle.js
[2019-09-20 08:52:39.767] [exthost] [info] eager extensions activated
[2019-09-20 08:54:30.379] [exthost] [info] ExtensionService#_doActivateExtension eamodio.gitlens {"startup":false,"activationEvent":"*"}
[2019-09-20 08:54:30.379] [exthost] [info] ExtensionService#loadCommonJSModule file:///d:/Program Files/VSCode-win32-x64-1.38.1/data/extensions/eamodio.gitlens-9.9.3/dist/extension
[2019-09-20 08:54:30.870] [exthost] [info] ExtensionService#_doActivateExtension vscode.html-language-features {"startup":false,"activationEvent":"onLanguage:html"}
[2019-09-20 08:54:30.870] [exthost] [info] ExtensionService#loadCommonJSModule file:///d:/Program Files/VSCode-win32-x64-1.38.1/resources/app/extensions/html-language-features/client/dist/htmlMain
[2019-09-20 08:55:18.994] [exthost] [info] ExtensionService#_doActivateExtension wayou.vscode-todo-highlight {"startup":false,"activationEvent":"*"}
[2019-09-20 08:55:18.994] [exthost] [info] ExtensionService#loadCommonJSModule file:///d:/Program Files/VSCode-win32-x64-1.38.1/data/extensions/wayou.vscode-todo-highlight-1.0.4/src/extension
[2019-09-20 08:55:31.424] [exthost] [info] ExtensionService#_doActivateExtension Gruntfuggly.todo-tree {"startup":false,"activationEvent":"*"}
[2019-09-20 08:55:31.424] [exthost] [info] ExtensionService#loadCommonJSModule file:///d:/Program Files/VSCode-win32-x64-1.38.1/data/extensions/gruntfuggly.todo-tree-0.0.153/extension
[2019-09-20 08:57:14.119] [exthost] [info] extension host started
[2019-09-20 08:57:14.139] [exthost] [info] ExtensionService#_doActivateExtension vscode.python {"startup":false,"activationEvent":"onLanguage:python"}
[2019-09-20 08:57:14.139] [exthost] [info] ExtensionService#loadCommonJSModule file:///d:/Program Files/VSCode-win32-x64-1.38.1/resources/app/extensions/python/dist/pythonMain
[2019-09-20 08:57:14.172] [exthost] [info] ExtensionService#_doActivateExtension KevinRose.vsc-python-indent {"startup":false,"activationEvent":"onLanguage:python"}
[2019-09-20 08:57:14.173] [exthost] [info] ExtensionService#loadCommonJSModule file:///d:/Program Files/VSCode-win32-x64-1.38.1/data/extensions/kevinrose.vsc-python-indent-1.5.0/out/extension.js
[2019-09-20 08:57:14.208] [exthost] [info] ExtensionService#_doActivateExtension ms-python.python {"startup":false,"activationEvent":"onLanguage:python"}
[2019-09-20 08:57:14.208] [exthost] [info] ExtensionService#loadCommonJSModule file:///d:/Program Files/VSCode-win32-x64-1.38.1/data/extensions/ms-python.python-2019.9.34911/out/client/extension
[2019-09-20 08:57:15.106] [exthost] [info] ExtensionService#_doActivateExtension vscode.debug-auto-launch {"startup":true,"activationEvent":"*"}
[2019-09-20 08:57:15.107] [exthost] [info] ExtensionService#loadCommonJSModule file:///d:/Program Files/VSCode-win32-x64-1.38.1/resources/app/extensions/debug-auto-launch/dist/extension
[2019-09-20 08:57:15.110] [exthost] [info] ExtensionService#_doActivateExtension vscode.emmet {"startup":true,"activationEvent":"*"}
[2019-09-20 08:57:15.110] [exthost] [info] ExtensionService#loadCommonJSModule file:///d:/Program Files/VSCode-win32-x64-1.38.1/resources/app/extensions/emmet/dist/extension
[2019-09-20 08:57:15.124] [exthost] [info] ExtensionService#_doActivateExtension vscode.git {"startup":true,"activationEvent":"*"}
[2019-09-20 08:57:15.124] [exthost] [info] ExtensionService#loadCommonJSModule file:///d:/Program Files/VSCode-win32-x64-1.38.1/resources/app/extensions/git/dist/main
[2019-09-20 08:57:15.144] [exthost] [info] ExtensionService#_doActivateExtension vscode.merge-conflict {"startup":true,"activationEvent":"*"}
[2019-09-20 08:57:15.144] [exthost] [info] ExtensionService#loadCommonJSModule file:///d:/Program Files/VSCode-win32-x64-1.38.1/resources/app/extensions/merge-conflict/dist/extension
[2019-09-20 08:57:15.147] [exthost] [info] ExtensionService#_doActivateExtension eamodio.gitlens {"startup":true,"activationEvent":"*"}
[2019-09-20 08:57:15.147] [exthost] [info] ExtensionService#loadCommonJSModule file:///d:/Program Files/VSCode-win32-x64-1.38.1/data/extensions/eamodio.gitlens-9.9.3/dist/extension
[2019-09-20 08:57:15.178] [exthost] [info] ExtensionService#_doActivateExtension Gruntfuggly.todo-tree {"startup":true,"activationEvent":"*"}
[2019-09-20 08:57:15.178] [exthost] [info] ExtensionService#loadCommonJSModule file:///d:/Program Files/VSCode-win32-x64-1.38.1/data/extensions/gruntfuggly.todo-tree-0.0.153/extension
[2019-09-20 08:57:15.437] [exthost] [info] ExtensionService#_doActivateExtension mkxml.vscode-filesize {"startup":true,"activationEvent":"*"}
[2019-09-20 08:57:15.437] [exthost] [info] ExtensionService#loadCommonJSModule file:///d:/Program Files/VSCode-win32-x64-1.38.1/data/extensions/mkxml.vscode-filesize-2.1.3/extension
[2019-09-20 08:57:15.484] [exthost] [info] ExtensionService#_doActivateExtension vscode-icons-team.vscode-icons {"startup":true,"activationEvent":"*"}
[2019-09-20 08:57:15.484] [exthost] [info] ExtensionService#loadCommonJSModule file:///d:/Program Files/VSCode-win32-x64-1.38.1/data/extensions/vscode-icons-team.vscode-icons-9.3.0/dist/src/vscode-icons.bundle.js
[2019-09-20 08:57:15.511] [exthost] [info] ExtensionService#_doActivateExtension wayou.vscode-todo-highlight {"startup":true,"activationEvent":"*"}
[2019-09-20 08:57:15.511] [exthost] [info] ExtensionService#loadCommonJSModule file:///d:/Program Files/VSCode-win32-x64-1.38.1/data/extensions/wayou.vscode-todo-highlight-1.0.4/src/extension
[2019-09-20 08:57:15.520] [exthost] [info] eager extensions activated
[2019-09-20 08:57:20.474] [exthost] [info] ExtensionService#_doActivateExtension pnp.polacode {"startup":false,"activationEvent":"onCommand:polacode.activate"}
[2019-09-20 08:57:20.474] [exthost] [info] ExtensionService#loadCommonJSModule file:///d:/Program Files/VSCode-win32-x64-1.38.1/data/extensions/pnp.polacode-0.3.2/src/extension
