[2019-09-21 10:00:20.134] [exthost] [info] extension host started
[2019-09-21 10:00:20.156] [exthost] [info] ExtensionService#_doActivateExtension vscode.python {"startup":false,"activationEvent":"onLanguage:python"}
[2019-09-21 10:00:20.156] [exthost] [info] ExtensionService#loadCommonJSModule file:///d:/Program Files/VSCode-win32-x64-1.38.1/resources/app/extensions/python/dist/pythonMain
[2019-09-21 10:00:20.158] [exthost] [info] ExtensionService#_doActivateExtension KevinRose.vsc-python-indent {"startup":false,"activationEvent":"onLanguage:python"}
[2019-09-21 10:00:20.158] [exthost] [info] ExtensionService#loadCommonJSModule file:///d:/Program Files/VSCode-win32-x64-1.38.1/data/extensions/kevinrose.vsc-python-indent-1.5.0/out/extension.js
[2019-09-21 10:00:20.161] [exthost] [info] ExtensionService#_doActivateExtension ms-python.python {"startup":false,"activationEvent":"onLanguage:python"}
[2019-09-21 10:00:20.161] [exthost] [info] ExtensionService#loadCommonJSModule file:///d:/Program Files/VSCode-win32-x64-1.38.1/data/extensions/ms-python.python-2019.9.34911/out/client/extension
[2019-09-21 10:00:20.314] [exthost] [info] ExtensionService#_doActivateExtension vscode.debug-auto-launch {"startup":true,"activationEvent":"*"}
[2019-09-21 10:00:20.314] [exthost] [info] ExtensionService#loadCommonJSModule file:///d:/Program Files/VSCode-win32-x64-1.38.1/resources/app/extensions/debug-auto-launch/dist/extension
[2019-09-21 10:00:20.317] [exthost] [info] ExtensionService#_doActivateExtension vscode.emmet {"startup":true,"activationEvent":"*"}
[2019-09-21 10:00:20.317] [exthost] [info] ExtensionService#loadCommonJSModule file:///d:/Program Files/VSCode-win32-x64-1.38.1/resources/app/extensions/emmet/dist/extension
[2019-09-21 10:00:20.331] [exthost] [info] ExtensionService#_doActivateExtension vscode.git {"startup":true,"activationEvent":"*"}
[2019-09-21 10:00:20.332] [exthost] [info] ExtensionService#loadCommonJSModule file:///d:/Program Files/VSCode-win32-x64-1.38.1/resources/app/extensions/git/dist/main
[2019-09-21 10:00:20.350] [exthost] [info] ExtensionService#_doActivateExtension vscode.merge-conflict {"startup":true,"activationEvent":"*"}
[2019-09-21 10:00:20.350] [exthost] [info] ExtensionService#loadCommonJSModule file:///d:/Program Files/VSCode-win32-x64-1.38.1/resources/app/extensions/merge-conflict/dist/extension
[2019-09-21 10:00:20.353] [exthost] [info] ExtensionService#_doActivateExtension eamodio.gitlens {"startup":true,"activationEvent":"*"}
[2019-09-21 10:00:20.353] [exthost] [info] ExtensionService#loadCommonJSModule file:///d:/Program Files/VSCode-win32-x64-1.38.1/data/extensions/eamodio.gitlens-10.0.0/dist/extension
[2019-09-21 10:00:20.706] [exthost] [info] ExtensionService#_doActivateExtension Gruntfuggly.todo-tree {"startup":true,"activationEvent":"*"}
[2019-09-21 10:00:20.706] [exthost] [info] ExtensionService#loadCommonJSModule file:///d:/Program Files/VSCode-win32-x64-1.38.1/data/extensions/gruntfuggly.todo-tree-0.0.153/extension
[2019-09-21 10:00:20.957] [exthost] [info] ExtensionService#_doActivateExtension mkxml.vscode-filesize {"startup":true,"activationEvent":"*"}
[2019-09-21 10:00:20.957] [exthost] [info] ExtensionService#loadCommonJSModule file:///d:/Program Files/VSCode-win32-x64-1.38.1/data/extensions/mkxml.vscode-filesize-2.1.3/extension
[2019-09-21 10:00:21.001] [exthost] [info] ExtensionService#_doActivateExtension vscode-icons-team.vscode-icons {"startup":true,"activationEvent":"*"}
[2019-09-21 10:00:21.001] [exthost] [info] ExtensionService#loadCommonJSModule file:///d:/Program Files/VSCode-win32-x64-1.38.1/data/extensions/vscode-icons-team.vscode-icons-9.3.0/dist/src/vscode-icons.bundle.js
[2019-09-21 10:00:21.028] [exthost] [info] ExtensionService#_doActivateExtension wayou.vscode-todo-highlight {"startup":true,"activationEvent":"*"}
[2019-09-21 10:00:21.028] [exthost] [info] ExtensionService#loadCommonJSModule file:///d:/Program Files/VSCode-win32-x64-1.38.1/data/extensions/wayou.vscode-todo-highlight-1.0.4/src/extension
[2019-09-21 10:00:21.031] [exthost] [info] eager extensions activated
[2019-09-21 10:00:21.996] [exthost] [info] ExtensionService#_doActivateExtension vscode.html-language-features {"startup":false,"activationEvent":"onLanguage:html"}
[2019-09-21 10:00:21.996] [exthost] [info] ExtensionService#loadCommonJSModule file:///d:/Program Files/VSCode-win32-x64-1.38.1/resources/app/extensions/html-language-features/client/dist/htmlMain
[2019-09-21 10:00:30.404] [exthost] [info] ExtensionService#_doActivateExtension vscode.configuration-editing {"startup":false,"activationEvent":"onLanguage:jsonc"}
[2019-09-21 10:00:30.404] [exthost] [info] ExtensionService#loadCommonJSModule file:///d:/Program Files/VSCode-win32-x64-1.38.1/resources/app/extensions/configuration-editing/dist/extension
[2019-09-21 10:00:30.410] [exthost] [info] ExtensionService#_doActivateExtension vscode.json-language-features {"startup":false,"activationEvent":"onLanguage:jsonc"}
[2019-09-21 10:00:30.410] [exthost] [info] ExtensionService#loadCommonJSModule file:///d:/Program Files/VSCode-win32-x64-1.38.1/resources/app/extensions/json-language-features/client/dist/jsonMain
[2019-09-21 10:00:30.429] [exthost] [info] ExtensionService#_doActivateExtension vscode.typescript-language-features {"startup":false,"activationEvent":"onLanguage:jsonc"}
[2019-09-21 10:00:30.429] [exthost] [info] ExtensionService#loadCommonJSModule file:///d:/Program Files/VSCode-win32-x64-1.38.1/resources/app/extensions/typescript-language-features/dist/extension
