[2019-09-21 10:02:51.576] [renderer1] [error] Bad progress location: workbench.view.extension.gitlens: Error: Bad progress location: workbench.view.extension.gitlens
    at Proxy.withProgress (file:///D:/Program Files/VSCode-win32-x64-1.38.1/resources/app/out/vs/workbench/workbench.desktop.main.js:5216:256)
    at $.t.instantiationService.createInstance.e [as withProgress] (file:///D:/Program Files/VSCode-win32-x64-1.38.1/resources/app/out/vs/workbench/workbench.desktop.main.js:4886:700)
    at $.getChildren (file:///D:/Program Files/VSCode-win32-x64-1.38.1/resources/app/out/vs/workbench/workbench.desktop.main.js:4892:195)
    at X.<anonymous> (file:///D:/Program Files/VSCode-win32-x64-1.38.1/resources/app/out/vs/workbench/workbench.desktop.main.js:1026:201)
    at Generator.next (<anonymous>)
    at file:///D:/Program Files/VSCode-win32-x64-1.38.1/resources/app/out/vs/workbench/workbench.desktop.main.js:35:566
    at new Promise (<anonymous>)
    at n (file:///D:/Program Files/VSCode-win32-x64-1.38.1/resources/app/out/vs/workbench/workbench.desktop.main.js:35:343)
    at a.createCancelablePromise (file:///D:/Program Files/VSCode-win32-x64-1.38.1/resources/app/out/vs/workbench/workbench.desktop.main.js:1026:138)
    at Object.l [as createCancelablePromise] (file:///D:/Program Files/VSCode-win32-x64-1.38.1/resources/app/out/vs/workbench/workbench.desktop.main.js:128:804)
    at X.doGetChildren (file:///D:/Program Files/VSCode-win32-x64-1.38.1/resources/app/out/vs/workbench/workbench.desktop.main.js:1026:110)
    at X.<anonymous> (file:///D:/Program Files/VSCode-win32-x64-1.38.1/resources/app/out/vs/workbench/workbench.desktop.main.js:1025:740)
    at Generator.next (<anonymous>)
    at file:///D:/Program Files/VSCode-win32-x64-1.38.1/resources/app/out/vs/workbench/workbench.desktop.main.js:35:566
    at new Promise (<anonymous>)
    at n (file:///D:/Program Files/VSCode-win32-x64-1.38.1/resources/app/out/vs/workbench/workbench.desktop.main.js:35:343)
    at X.doRefreshNode (file:///D:/Program Files/VSCode-win32-x64-1.38.1/resources/app/out/vs/workbench/workbench.desktop.main.js:1025:527)
    at X.<anonymous> (file:///D:/Program Files/VSCode-win32-x64-1.38.1/resources/app/out/vs/workbench/workbench.desktop.main.js:1025:385)
    at Generator.next (<anonymous>)
    at file:///D:/Program Files/VSCode-win32-x64-1.38.1/resources/app/out/vs/workbench/workbench.desktop.main.js:35:566
    at new Promise (<anonymous>)
    at n (file:///D:/Program Files/VSCode-win32-x64-1.38.1/resources/app/out/vs/workbench/workbench.desktop.main.js:35:343)
    at X.doRefreshSubTree (file:///D:/Program Files/VSCode-win32-x64-1.38.1/resources/app/out/vs/workbench/workbench.desktop.main.js:1025:316)
    at X.<anonymous> (file:///D:/Program Files/VSCode-win32-x64-1.38.1/resources/app/out/vs/workbench/workbench.desktop.main.js:1025:163)
    at Generator.next (<anonymous>)
    at file:///D:/Program Files/VSCode-win32-x64-1.38.1/resources/app/out/vs/workbench/workbench.desktop.main.js:35:566
    at new Promise (<anonymous>)
    at n (file:///D:/Program Files/VSCode-win32-x64-1.38.1/resources/app/out/vs/workbench/workbench.desktop.main.js:35:343)
    at X.refreshNode (file:///D:/Program Files/VSCode-win32-x64-1.38.1/resources/app/out/vs/workbench/workbench.desktop.main.js:1024:971)
    at X.<anonymous> (file:///D:/Program Files/VSCode-win32-x64-1.38.1/resources/app/out/vs/workbench/workbench.desktop.main.js:1024:731)
    at Generator.next (<anonymous>)
    at file:///D:/Program Files/VSCode-win32-x64-1.38.1/resources/app/out/vs/workbench/workbench.desktop.main.js:35:566
    at new Promise (<anonymous>)
    at n (file:///D:/Program Files/VSCode-win32-x64-1.38.1/resources/app/out/vs/workbench/workbench.desktop.main.js:35:343)
    at X.refreshAndRenderNode (file:///D:/Program Files/VSCode-win32-x64-1.38.1/resources/app/out/vs/workbench/workbench.desktop.main.js:1024:684)
    at X.<anonymous> (file:///D:/Program Files/VSCode-win32-x64-1.38.1/resources/app/out/vs/workbench/workbench.desktop.main.js:1022:62)
    at Generator.next (<anonymous>)
    at file:///D:/Program Files/VSCode-win32-x64-1.38.1/resources/app/out/vs/workbench/workbench.desktop.main.js:35:566
    at new Promise (<anonymous>)
    at n (file:///D:/Program Files/VSCode-win32-x64-1.38.1/resources/app/out/vs/workbench/workbench.desktop.main.js:35:343)
    at X.updateChildren (file:///D:/Program Files/VSCode-win32-x64-1.38.1/resources/app/out/vs/workbench/workbench.desktop.main.js:1021:821)
    at Promise.all.Array.from.map.e (file:///D:/Program Files/VSCode-win32-x64-1.38.1/resources/app/out/vs/workbench/workbench.desktop.main.js:4891:237)
    at Array.map (<anonymous>)
    at K.<anonymous> (file:///D:/Program Files/VSCode-win32-x64-1.38.1/resources/app/out/vs/workbench/workbench.desktop.main.js:4891:228)
    at Generator.next (<anonymous>)
    at file:///D:/Program Files/VSCode-win32-x64-1.38.1/resources/app/out/vs/workbench/workbench.desktop.main.js:35:566
    at new Promise (<anonymous>)
    at n (file:///D:/Program Files/VSCode-win32-x64-1.38.1/resources/app/out/vs/workbench/workbench.desktop.main.js:35:343)
    at K.doRefresh (file:///D:/Program Files/VSCode-win32-x64-1.38.1/resources/app/out/vs/workbench/workbench.desktop.main.js:4891:8)
    at K._register.themeService.onThemeChange (file:///D:/Program Files/VSCode-win32-x64-1.38.1/resources/app/out/vs/workbench/workbench.desktop.main.js:4883:747)
    at d.fire (file:///D:/Program Files/VSCode-win32-x64-1.38.1/resources/app/out/vs/workbench/workbench.desktop.main.js:107:468)
    at V.applyTheme (file:///D:/Program Files/VSCode-win32-x64-1.38.1/resources/app/out/vs/workbench/workbench.desktop.main.js:4620:610)
    at s.ensureLoaded.then.i (file:///D:/Program Files/VSCode-win32-x64-1.38.1/resources/app/out/vs/workbench/workbench.desktop.main.js:4619:90)
[2019-09-21 10:02:51.578] [renderer1] [error] Bad progress location: workbench.view.extension.test: Error: Bad progress location: workbench.view.extension.test
    at Proxy.withProgress (file:///D:/Program Files/VSCode-win32-x64-1.38.1/resources/app/out/vs/workbench/workbench.desktop.main.js:5216:256)
    at $.t.instantiationService.createInstance.e [as withProgress] (file:///D:/Program Files/VSCode-win32-x64-1.38.1/resources/app/out/vs/workbench/workbench.desktop.main.js:4886:700)
    at $.getChildren (file:///D:/Program Files/VSCode-win32-x64-1.38.1/resources/app/out/vs/workbench/workbench.desktop.main.js:4892:195)
    at X.<anonymous> (file:///D:/Program Files/VSCode-win32-x64-1.38.1/resources/app/out/vs/workbench/workbench.desktop.main.js:1026:201)
    at Generator.next (<anonymous>)
    at file:///D:/Program Files/VSCode-win32-x64-1.38.1/resources/app/out/vs/workbench/workbench.desktop.main.js:35:566
    at new Promise (<anonymous>)
    at n (file:///D:/Program Files/VSCode-win32-x64-1.38.1/resources/app/out/vs/workbench/workbench.desktop.main.js:35:343)
    at a.createCancelablePromise (file:///D:/Program Files/VSCode-win32-x64-1.38.1/resources/app/out/vs/workbench/workbench.desktop.main.js:1026:138)
    at Object.l [as createCancelablePromise] (file:///D:/Program Files/VSCode-win32-x64-1.38.1/resources/app/out/vs/workbench/workbench.desktop.main.js:128:804)
    at X.doGetChildren (file:///D:/Program Files/VSCode-win32-x64-1.38.1/resources/app/out/vs/workbench/workbench.desktop.main.js:1026:110)
    at X.<anonymous> (file:///D:/Program Files/VSCode-win32-x64-1.38.1/resources/app/out/vs/workbench/workbench.desktop.main.js:1025:740)
    at Generator.next (<anonymous>)
    at file:///D:/Program Files/VSCode-win32-x64-1.38.1/resources/app/out/vs/workbench/workbench.desktop.main.js:35:566
    at new Promise (<anonymous>)
    at n (file:///D:/Program Files/VSCode-win32-x64-1.38.1/resources/app/out/vs/workbench/workbench.desktop.main.js:35:343)
    at X.doRefreshNode (file:///D:/Program Files/VSCode-win32-x64-1.38.1/resources/app/out/vs/workbench/workbench.desktop.main.js:1025:527)
    at X.<anonymous> (file:///D:/Program Files/VSCode-win32-x64-1.38.1/resources/app/out/vs/workbench/workbench.desktop.main.js:1025:385)
    at Generator.next (<anonymous>)
    at file:///D:/Program Files/VSCode-win32-x64-1.38.1/resources/app/out/vs/workbench/workbench.desktop.main.js:35:566
    at new Promise (<anonymous>)
    at n (file:///D:/Program Files/VSCode-win32-x64-1.38.1/resources/app/out/vs/workbench/workbench.desktop.main.js:35:343)
    at X.doRefreshSubTree (file:///D:/Program Files/VSCode-win32-x64-1.38.1/resources/app/out/vs/workbench/workbench.desktop.main.js:1025:316)
    at X.<anonymous> (file:///D:/Program Files/VSCode-win32-x64-1.38.1/resources/app/out/vs/workbench/workbench.desktop.main.js:1025:163)
    at Generator.next (<anonymous>)
    at file:///D:/Program Files/VSCode-win32-x64-1.38.1/resources/app/out/vs/workbench/workbench.desktop.main.js:35:566
    at new Promise (<anonymous>)
    at n (file:///D:/Program Files/VSCode-win32-x64-1.38.1/resources/app/out/vs/workbench/workbench.desktop.main.js:35:343)
    at X.refreshNode (file:///D:/Program Files/VSCode-win32-x64-1.38.1/resources/app/out/vs/workbench/workbench.desktop.main.js:1024:971)
    at X.<anonymous> (file:///D:/Program Files/VSCode-win32-x64-1.38.1/resources/app/out/vs/workbench/workbench.desktop.main.js:1024:731)
    at Generator.next (<anonymous>)
    at file:///D:/Program Files/VSCode-win32-x64-1.38.1/resources/app/out/vs/workbench/workbench.desktop.main.js:35:566
    at new Promise (<anonymous>)
    at n (file:///D:/Program Files/VSCode-win32-x64-1.38.1/resources/app/out/vs/workbench/workbench.desktop.main.js:35:343)
    at X.refreshAndRenderNode (file:///D:/Program Files/VSCode-win32-x64-1.38.1/resources/app/out/vs/workbench/workbench.desktop.main.js:1024:684)
    at X.<anonymous> (file:///D:/Program Files/VSCode-win32-x64-1.38.1/resources/app/out/vs/workbench/workbench.desktop.main.js:1022:62)
    at Generator.next (<anonymous>)
    at file:///D:/Program Files/VSCode-win32-x64-1.38.1/resources/app/out/vs/workbench/workbench.desktop.main.js:35:566
    at new Promise (<anonymous>)
    at n (file:///D:/Program Files/VSCode-win32-x64-1.38.1/resources/app/out/vs/workbench/workbench.desktop.main.js:35:343)
    at X.updateChildren (file:///D:/Program Files/VSCode-win32-x64-1.38.1/resources/app/out/vs/workbench/workbench.desktop.main.js:1021:821)
    at Promise.all.Array.from.map.e (file:///D:/Program Files/VSCode-win32-x64-1.38.1/resources/app/out/vs/workbench/workbench.desktop.main.js:4891:237)
    at Array.map (<anonymous>)
    at K.<anonymous> (file:///D:/Program Files/VSCode-win32-x64-1.38.1/resources/app/out/vs/workbench/workbench.desktop.main.js:4891:228)
    at Generator.next (<anonymous>)
    at file:///D:/Program Files/VSCode-win32-x64-1.38.1/resources/app/out/vs/workbench/workbench.desktop.main.js:35:566
    at new Promise (<anonymous>)
    at n (file:///D:/Program Files/VSCode-win32-x64-1.38.1/resources/app/out/vs/workbench/workbench.desktop.main.js:35:343)
    at K.doRefresh (file:///D:/Program Files/VSCode-win32-x64-1.38.1/resources/app/out/vs/workbench/workbench.desktop.main.js:4891:8)
    at K._register.themeService.onThemeChange (file:///D:/Program Files/VSCode-win32-x64-1.38.1/resources/app/out/vs/workbench/workbench.desktop.main.js:4883:747)
    at d.fire (file:///D:/Program Files/VSCode-win32-x64-1.38.1/resources/app/out/vs/workbench/workbench.desktop.main.js:107:468)
    at V.applyTheme (file:///D:/Program Files/VSCode-win32-x64-1.38.1/resources/app/out/vs/workbench/workbench.desktop.main.js:4620:610)
    at s.ensureLoaded.then.i (file:///D:/Program Files/VSCode-win32-x64-1.38.1/resources/app/out/vs/workbench/workbench.desktop.main.js:4619:90)
