[2019-09-21 09:58:29.922] [exthost] [info] extension host started
[2019-09-21 09:58:29.945] [exthost] [info] ExtensionService#_doActivateExtension vscode.python {"startup":false,"activationEvent":"onLanguage:python"}
[2019-09-21 09:58:29.945] [exthost] [info] ExtensionService#loadCommonJSModule file:///d:/Program Files/VSCode-win32-x64-1.38.1/resources/app/extensions/python/dist/pythonMain
[2019-09-21 09:58:29.989] [exthost] [info] ExtensionService#_doActivateExtension KevinRose.vsc-python-indent {"startup":false,"activationEvent":"onLanguage:python"}
[2019-09-21 09:58:29.989] [exthost] [info] ExtensionService#loadCommonJSModule file:///d:/Program Files/VSCode-win32-x64-1.38.1/data/extensions/kevinrose.vsc-python-indent-1.5.0/out/extension.js
[2019-09-21 09:58:30.050] [exthost] [info] ExtensionService#_doActivateExtension ms-python.python {"startup":false,"activationEvent":"onLanguage:python"}
[2019-09-21 09:58:30.050] [exthost] [info] ExtensionService#loadCommonJSModule file:///d:/Program Files/VSCode-win32-x64-1.38.1/data/extensions/ms-python.python-2019.9.34911/out/client/extension
[2019-09-21 09:58:30.909] [exthost] [info] ExtensionService#_doActivateExtension vscode.debug-auto-launch {"startup":true,"activationEvent":"*"}
[2019-09-21 09:58:30.909] [exthost] [info] ExtensionService#loadCommonJSModule file:///d:/Program Files/VSCode-win32-x64-1.38.1/resources/app/extensions/debug-auto-launch/dist/extension
[2019-09-21 09:58:30.944] [exthost] [info] ExtensionService#_doActivateExtension vscode.emmet {"startup":true,"activationEvent":"*"}
[2019-09-21 09:58:30.944] [exthost] [info] ExtensionService#loadCommonJSModule file:///d:/Program Files/VSCode-win32-x64-1.38.1/resources/app/extensions/emmet/dist/extension
[2019-09-21 09:58:31.091] [exthost] [info] ExtensionService#_doActivateExtension vscode.git {"startup":true,"activationEvent":"*"}
[2019-09-21 09:58:31.091] [exthost] [info] ExtensionService#loadCommonJSModule file:///d:/Program Files/VSCode-win32-x64-1.38.1/resources/app/extensions/git/dist/main
[2019-09-21 09:58:31.185] [exthost] [info] ExtensionService#_doActivateExtension vscode.merge-conflict {"startup":true,"activationEvent":"*"}
[2019-09-21 09:58:31.185] [exthost] [info] ExtensionService#loadCommonJSModule file:///d:/Program Files/VSCode-win32-x64-1.38.1/resources/app/extensions/merge-conflict/dist/extension
[2019-09-21 09:58:31.222] [exthost] [info] ExtensionService#_doActivateExtension eamodio.gitlens {"startup":true,"activationEvent":"*"}
[2019-09-21 09:58:31.222] [exthost] [info] ExtensionService#loadCommonJSModule file:///d:/Program Files/VSCode-win32-x64-1.38.1/data/extensions/eamodio.gitlens-9.9.3/dist/extension
[2019-09-21 09:58:31.342] [exthost] [info] ExtensionService#_doActivateExtension Gruntfuggly.todo-tree {"startup":true,"activationEvent":"*"}
[2019-09-21 09:58:31.343] [exthost] [info] ExtensionService#loadCommonJSModule file:///d:/Program Files/VSCode-win32-x64-1.38.1/data/extensions/gruntfuggly.todo-tree-0.0.153/extension
[2019-09-21 09:58:33.000] [exthost] [info] ExtensionService#_doActivateExtension mkxml.vscode-filesize {"startup":true,"activationEvent":"*"}
[2019-09-21 09:58:33.000] [exthost] [info] ExtensionService#loadCommonJSModule file:///d:/Program Files/VSCode-win32-x64-1.38.1/data/extensions/mkxml.vscode-filesize-2.1.3/extension
[2019-09-21 09:58:33.232] [exthost] [info] ExtensionService#_doActivateExtension vscode-icons-team.vscode-icons {"startup":true,"activationEvent":"*"}
[2019-09-21 09:58:33.232] [exthost] [info] ExtensionService#loadCommonJSModule file:///d:/Program Files/VSCode-win32-x64-1.38.1/data/extensions/vscode-icons-team.vscode-icons-9.3.0/dist/src/vscode-icons.bundle.js
[2019-09-21 09:58:33.577] [exthost] [info] ExtensionService#_doActivateExtension wayou.vscode-todo-highlight {"startup":true,"activationEvent":"*"}
[2019-09-21 09:58:33.578] [exthost] [info] ExtensionService#loadCommonJSModule file:///d:/Program Files/VSCode-win32-x64-1.38.1/data/extensions/wayou.vscode-todo-highlight-1.0.4/src/extension
[2019-09-21 09:58:33.614] [exthost] [info] eager extensions activated
[2019-09-21 09:59:04.603] [exthost] [info] ExtensionService#_doActivateExtension vscode.configuration-editing {"startup":false,"activationEvent":"onLanguage:jsonc"}
[2019-09-21 09:59:04.603] [exthost] [info] ExtensionService#loadCommonJSModule file:///d:/Program Files/VSCode-win32-x64-1.38.1/resources/app/extensions/configuration-editing/dist/extension
[2019-09-21 09:59:04.741] [exthost] [info] ExtensionService#_doActivateExtension vscode.json-language-features {"startup":false,"activationEvent":"onLanguage:jsonc"}
[2019-09-21 09:59:04.742] [exthost] [info] ExtensionService#loadCommonJSModule file:///d:/Program Files/VSCode-win32-x64-1.38.1/resources/app/extensions/json-language-features/client/dist/jsonMain
[2019-09-21 09:59:04.918] [exthost] [info] ExtensionService#_doActivateExtension vscode.typescript-language-features {"startup":false,"activationEvent":"onLanguage:jsonc"}
[2019-09-21 09:59:04.918] [exthost] [info] ExtensionService#loadCommonJSModule file:///d:/Program Files/VSCode-win32-x64-1.38.1/resources/app/extensions/typescript-language-features/dist/extension
