[2019-09-19 15:24:12.554] [exthost] [info] extension host started
[2019-09-19 15:24:12.566] [exthost] [info] ExtensionService#_doActivateExtension vscode.debug-auto-launch {"startup":true,"activationEvent":"*"}
[2019-09-19 15:24:12.566] [exthost] [info] ExtensionService#loadCommonJSModule file:///d:/Program Files/VSCode-win32-x64-1.38.1/resources/app/extensions/debug-auto-launch/dist/extension
[2019-09-19 15:24:12.600] [exthost] [info] ExtensionService#_doActivateExtension vscode.emmet {"startup":true,"activationEvent":"*"}
[2019-09-19 15:24:12.600] [exthost] [info] ExtensionService#loadCommonJSModule file:///d:/Program Files/VSCode-win32-x64-1.38.1/resources/app/extensions/emmet/dist/extension
[2019-09-19 15:24:12.761] [exthost] [info] ExtensionService#_doActivateExtension vscode.git {"startup":true,"activationEvent":"*"}
[2019-09-19 15:24:12.761] [exthost] [info] ExtensionService#loadCommonJSModule file:///d:/Program Files/VSCode-win32-x64-1.38.1/resources/app/extensions/git/dist/main
[2019-09-19 15:24:12.943] [exthost] [info] ExtensionService#_doActivateExtension vscode.merge-conflict {"startup":true,"activationEvent":"*"}
[2019-09-19 15:24:12.943] [exthost] [info] ExtensionService#loadCommonJSModule file:///d:/Program Files/VSCode-win32-x64-1.38.1/resources/app/extensions/merge-conflict/dist/extension
[2019-09-19 15:24:12.980] [exthost] [info] eager extensions activated
[2019-09-19 15:24:49.217] [exthost] [info] extension host started
[2019-09-19 15:24:49.223] [exthost] [info] ExtensionService#_doActivateExtension vscode.debug-auto-launch {"startup":true,"activationEvent":"*"}
[2019-09-19 15:24:49.223] [exthost] [info] ExtensionService#loadCommonJSModule file:///d:/Program Files/VSCode-win32-x64-1.38.1/resources/app/extensions/debug-auto-launch/dist/extension
[2019-09-19 15:24:49.234] [exthost] [info] ExtensionService#_doActivateExtension vscode.emmet {"startup":true,"activationEvent":"*"}
[2019-09-19 15:24:49.234] [exthost] [info] ExtensionService#loadCommonJSModule file:///d:/Program Files/VSCode-win32-x64-1.38.1/resources/app/extensions/emmet/dist/extension
[2019-09-19 15:24:49.249] [exthost] [info] ExtensionService#_doActivateExtension vscode.git {"startup":true,"activationEvent":"*"}
[2019-09-19 15:24:49.249] [exthost] [info] ExtensionService#loadCommonJSModule file:///d:/Program Files/VSCode-win32-x64-1.38.1/resources/app/extensions/git/dist/main
[2019-09-19 15:24:49.277] [exthost] [info] ExtensionService#_doActivateExtension vscode.merge-conflict {"startup":true,"activationEvent":"*"}
[2019-09-19 15:24:49.277] [exthost] [info] ExtensionService#loadCommonJSModule file:///d:/Program Files/VSCode-win32-x64-1.38.1/resources/app/extensions/merge-conflict/dist/extension
[2019-09-19 15:24:49.282] [exthost] [info] eager extensions activated
[2019-09-19 15:25:43.456] [exthost] [info] ExtensionService#_doActivateExtension vscode.configuration-editing {"startup":false,"activationEvent":"onLanguage:jsonc"}
[2019-09-19 15:25:43.456] [exthost] [info] ExtensionService#loadCommonJSModule file:///d:/Program Files/VSCode-win32-x64-1.38.1/resources/app/extensions/configuration-editing/dist/extension
[2019-09-19 15:25:43.512] [exthost] [info] ExtensionService#_doActivateExtension vscode.json-language-features {"startup":false,"activationEvent":"onLanguage:jsonc"}
[2019-09-19 15:25:43.512] [exthost] [info] ExtensionService#loadCommonJSModule file:///d:/Program Files/VSCode-win32-x64-1.38.1/resources/app/extensions/json-language-features/client/dist/jsonMain
[2019-09-19 15:25:43.739] [exthost] [info] ExtensionService#_doActivateExtension vscode.typescript-language-features {"startup":false,"activationEvent":"onLanguage:jsonc"}
[2019-09-19 15:25:43.739] [exthost] [info] ExtensionService#loadCommonJSModule file:///d:/Program Files/VSCode-win32-x64-1.38.1/resources/app/extensions/typescript-language-features/dist/extension
[2019-09-19 15:27:15.439] [exthost] [info] ExtensionService#_doActivateExtension vscode-icons-team.vscode-icons {"startup":false,"activationEvent":"*"}
[2019-09-19 15:27:15.439] [exthost] [info] ExtensionService#loadCommonJSModule file:///d:/Program Files/VSCode-win32-x64-1.38.1/data/extensions/vscode-icons-team.vscode-icons-9.3.0/dist/src/vscode-icons.bundle.js
[2019-09-19 15:27:43.726] [exthost] [info] extension host started
[2019-09-19 15:27:43.746] [exthost] [info] ExtensionService#_doActivateExtension vscode.debug-auto-launch {"startup":true,"activationEvent":"*"}
[2019-09-19 15:27:43.746] [exthost] [info] ExtensionService#loadCommonJSModule file:///d:/Program Files/VSCode-win32-x64-1.38.1/resources/app/extensions/debug-auto-launch/dist/extension
[2019-09-19 15:27:43.759] [exthost] [info] ExtensionService#_doActivateExtension vscode.emmet {"startup":true,"activationEvent":"*"}
[2019-09-19 15:27:43.759] [exthost] [info] ExtensionService#loadCommonJSModule file:///d:/Program Files/VSCode-win32-x64-1.38.1/resources/app/extensions/emmet/dist/extension
[2019-09-19 15:27:43.771] [exthost] [info] ExtensionService#_doActivateExtension vscode.git {"startup":true,"activationEvent":"*"}
[2019-09-19 15:27:43.772] [exthost] [info] ExtensionService#loadCommonJSModule file:///d:/Program Files/VSCode-win32-x64-1.38.1/resources/app/extensions/git/dist/main
[2019-09-19 15:27:43.803] [exthost] [info] ExtensionService#_doActivateExtension vscode.merge-conflict {"startup":true,"activationEvent":"*"}
[2019-09-19 15:27:43.803] [exthost] [info] ExtensionService#loadCommonJSModule file:///d:/Program Files/VSCode-win32-x64-1.38.1/resources/app/extensions/merge-conflict/dist/extension
[2019-09-19 15:27:43.809] [exthost] [info] ExtensionService#_doActivateExtension vscode-icons-team.vscode-icons {"startup":true,"activationEvent":"*"}
[2019-09-19 15:27:43.809] [exthost] [info] ExtensionService#loadCommonJSModule file:///d:/Program Files/VSCode-win32-x64-1.38.1/data/extensions/vscode-icons-team.vscode-icons-9.3.0/dist/src/vscode-icons.bundle.js
[2019-09-19 15:27:43.847] [exthost] [info] eager extensions activated
[2019-09-19 15:29:05.851] [exthost] [info] ExtensionService#_doActivateExtension mkxml.vscode-filesize {"startup":false,"activationEvent":"*"}
[2019-09-19 15:29:05.851] [exthost] [info] ExtensionService#loadCommonJSModule file:///d:/Program Files/VSCode-win32-x64-1.38.1/data/extensions/mkxml.vscode-filesize-2.1.3/extension
[2019-09-19 15:29:09.715] [exthost] [info] ExtensionService#_doActivateExtension vscode.python {"startup":false,"activationEvent":"onLanguage:python"}
[2019-09-19 15:29:09.715] [exthost] [info] ExtensionService#loadCommonJSModule file:///d:/Program Files/VSCode-win32-x64-1.38.1/resources/app/extensions/python/dist/pythonMain
[2019-09-19 15:29:09.726] [exthost] [info] ExtensionService#_doActivateExtension ms-python.python {"startup":false,"activationEvent":"onLanguage:python"}
[2019-09-19 15:29:09.726] [exthost] [info] ExtensionService#loadCommonJSModule file:///d:/Program Files/VSCode-win32-x64-1.38.1/data/extensions/ms-python.python-2019.9.34911/out/client/extension
[2019-09-19 15:37:05.987] [exthost] [info] ExtensionService#_doActivateExtension vscode.configuration-editing {"startup":false,"activationEvent":"onLanguage:jsonc"}
[2019-09-19 15:37:05.987] [exthost] [info] ExtensionService#loadCommonJSModule file:///d:/Program Files/VSCode-win32-x64-1.38.1/resources/app/extensions/configuration-editing/dist/extension
[2019-09-19 15:37:06.004] [exthost] [info] ExtensionService#_doActivateExtension vscode.json-language-features {"startup":false,"activationEvent":"onLanguage:jsonc"}
[2019-09-19 15:37:06.004] [exthost] [info] ExtensionService#loadCommonJSModule file:///d:/Program Files/VSCode-win32-x64-1.38.1/resources/app/extensions/json-language-features/client/dist/jsonMain
[2019-09-19 15:37:06.024] [exthost] [info] ExtensionService#_doActivateExtension vscode.typescript-language-features {"startup":false,"activationEvent":"onLanguage:jsonc"}
[2019-09-19 15:37:06.024] [exthost] [info] ExtensionService#loadCommonJSModule file:///d:/Program Files/VSCode-win32-x64-1.38.1/resources/app/extensions/typescript-language-features/dist/extension
[2019-09-19 15:37:13.737] [exthost] [info] ExtensionService#_doActivateExtension vscode.extension-editing {"startup":false,"activationEvent":"onLanguage:markdown"}
[2019-09-19 15:37:13.737] [exthost] [info] ExtensionService#loadCommonJSModule file:///d:/Program Files/VSCode-win32-x64-1.38.1/resources/app/extensions/extension-editing/dist/extension
[2019-09-19 15:37:13.966] [exthost] [info] ExtensionService#_doActivateExtension vscode.markdown-language-features {"startup":false,"activationEvent":"onLanguage:markdown"}
[2019-09-19 15:37:13.966] [exthost] [info] ExtensionService#loadCommonJSModule file:///d:/Program Files/VSCode-win32-x64-1.38.1/resources/app/extensions/markdown-language-features/dist/extension
